2024-05-17 20:12:45,677{GMT}	INFO	[jepsen test runner] jepsen.core: Command line:
lein run test -w echo --bin jrun.sh --time-limit 5
2024-05-17 20:12:45,762{GMT}	INFO	[jepsen test runner] jepsen.core: Running test:
{:args []
 :remote
 #jepsen.control.retry.Remote{:remote #jepsen.control.scp.Remote{:cmd-remote #jepsen.control.sshj.SSHJRemote{:concurrency-limit 6,
                                                                                                             :conn-spec nil,
                                                                                                             :client nil,
                                                                                                             :semaphore nil},
                                                                 :conn-spec nil},
                              :conn nil}
 :log-net-send false
 :node-count nil
 :availability nil
 :max-txn-length 4
 :concurrency 5
 :db
 #object[maelstrom.db$db$reify__16142
         "0x1660bba7"
         "maelstrom.db$db$reify__16142@1660bba7"]
 :max-writes-per-key 16
 :leave-db-running? false
 :name "echo"
 :logging-json? false
 :start-time
 #object[org.joda.time.DateTime "0x771c4015" "2024-05-17T20:12:45.636+02:00"]
 :nemesis-interval 10
 :net
 #object[maelstrom.net$jepsen_net$reify__15251
         "0x34d776eb"
         "maelstrom.net$jepsen_net$reify__15251@34d776eb"]
 :client
 #object[maelstrom.workload.echo$client$reify__16863
         "0x60a3a0fa"
         "maelstrom.workload.echo$client$reify__16863@60a3a0fa"]
 :barrier
 #object[java.util.concurrent.CyclicBarrier
         "0x17734113"
         "java.util.concurrent.CyclicBarrier@17734113"]
 :log-stderr false
 :pure-generators true
 :ssh {:dummy? true}
 :rate 5
 :checker
 #object[jepsen.checker$compose$reify__11881
         "0x27aa700"
         "jepsen.checker$compose$reify__11881@27aa700"]
 :argv ("test" "-w" "echo" "--bin" "jrun.sh" "--time-limit" "5")
 :nemesis
 (jepsen.nemesis.ReflCompose
  {:fm {:start-partition 0,
        :stop-partition 0,
        :kill 1,
        :start 1,
        :pause 1,
        :resume 1},
   :nemeses [#unprintable "jepsen.nemesis.combined$partition_nemesis$reify__16416@d15f98a"
             #unprintable "jepsen.nemesis.combined$db_nemesis$reify__16397@704c3ca2"]})
 :nodes ["n1" "n2" "n3" "n4" "n5"]
 :test-count 1
 :latency {:mean 0, :dist :constant}
 :bin "jrun.sh"
 :generator
 (jepsen.generator.TimeLimit
  {:limit 5000000000,
   :cutoff nil,
   :gen (jepsen.generator.Any
         {:gens [(jepsen.generator.OnThreads
                  {:f #{:nemesis},
                   :context-filter #object[jepsen.generator.context$make_thread_filter$lazy_filter__9167
                                           "0x6d4bdb75"
                                           "jepsen.generator.context$make_thread_filter$lazy_filter__9167@6d4bdb75"],
                   :gen nil})
                 (jepsen.generator.OnThreads
                  {:f #jepsen.generator.context.AllBut{:element :nemesis},
                   :context-filter #object[jepsen.generator.context$make_thread_filter$lazy_filter__9167
                                           "0x1dc47df3"
                                           "jepsen.generator.context$make_thread_filter$lazy_filter__9167@1dc47df3"],
                   :gen (jepsen.generator.Stagger
                         {:dt 400000000,
                          :next-time nil,
                          :gen (jepsen.generator.EachThread
                                {:fresh-gen #object[maelstrom.workload.echo$workload$fn__16882
                                                    "0x256a25a8"
                                                    "maelstrom.workload.echo$workload$fn__16882@256a25a8"],
                                 :context-filters #object[clojure.core$promise$reify__8591
                                                          "0x68f67bbd"
                                                          {:status :pending,
                                                           :val nil}],
                                 :gens {}})})})]})})
 :log-net-recv false
 :os
 #object[maelstrom.net$jepsen_os$reify__15254
         "0x5bd585a5"
         "maelstrom.net$jepsen_os$reify__15254@5bd585a5"]
 :time-limit 5
 :workload :echo
 :consistency-models [:strict-serializable]
 :topology :grid}

2024-05-17 20:12:47,750{GMT}	INFO	[jepsen node n1] maelstrom.net: Starting Maelstrom network
2024-05-17 20:12:47,751{GMT}	INFO	[jepsen test runner] jepsen.db: Tearing down DB
2024-05-17 20:12:47,753{GMT}	INFO	[jepsen test runner] jepsen.db: Setting up DB
2024-05-17 20:12:47,754{GMT}	INFO	[jepsen node n3] maelstrom.db: Setting up n3
2024-05-17 20:12:47,754{GMT}	INFO	[jepsen node n2] maelstrom.db: Setting up n2
2024-05-17 20:12:47,754{GMT}	INFO	[jepsen node n5] maelstrom.db: Setting up n5
2024-05-17 20:12:47,754{GMT}	INFO	[jepsen node n4] maelstrom.db: Setting up n4
2024-05-17 20:12:47,754{GMT}	INFO	[jepsen node n2] maelstrom.process: launching jrun.sh []
2024-05-17 20:12:47,754{GMT}	INFO	[jepsen node n4] maelstrom.process: launching jrun.sh []
2024-05-17 20:12:47,754{GMT}	INFO	[jepsen node n5] maelstrom.process: launching jrun.sh []
2024-05-17 20:12:47,754{GMT}	INFO	[jepsen node n3] maelstrom.process: launching jrun.sh []
2024-05-17 20:12:47,756{GMT}	INFO	[jepsen node n1] maelstrom.service: Starting services: (lin-kv lin-tso lww-kv seq-kv)
2024-05-17 20:12:47,757{GMT}	INFO	[jepsen node n1] maelstrom.db: Setting up n1
2024-05-17 20:12:47,758{GMT}	INFO	[jepsen node n1] maelstrom.process: launching jrun.sh []
2024-05-17 20:12:48,261{GMT}	INFO	[jepsen test runner] jepsen.core: Relative time begins now
2024-05-17 20:12:48,298{GMT}	INFO	[jepsen worker 3] jepsen.util: 3	:invoke	:echo	"Please echo 54"
2024-05-17 20:12:48,314{GMT}	INFO	[jepsen worker 3] jepsen.util: 3	:ok	:echo	{:echo "Please echo 54", :type "echo_ok", :msg_id 1, :in_reply_to 1}
2024-05-17 20:12:48,337{GMT}	INFO	[jepsen worker 4] jepsen.util: 4	:invoke	:echo	"Please echo 125"
2024-05-17 20:12:48,348{GMT}	INFO	[jepsen worker 4] jepsen.util: 4	:ok	:echo	{:echo "Please echo 125", :type "echo_ok", :msg_id 1, :in_reply_to 1}
2024-05-17 20:12:48,646{GMT}	INFO	[jepsen worker 0] jepsen.util: 0	:invoke	:echo	"Please echo 51"
2024-05-17 20:12:48,650{GMT}	INFO	[jepsen worker 0] jepsen.util: 0	:ok	:echo	{:echo "Please echo 51", :type "echo_ok", :msg_id 1, :in_reply_to 1}
2024-05-17 20:12:48,971{GMT}	INFO	[jepsen worker 1] jepsen.util: 1	:invoke	:echo	"Please echo 19"
2024-05-17 20:12:48,974{GMT}	INFO	[jepsen worker 1] jepsen.util: 1	:ok	:echo	{:echo "Please echo 19", :type "echo_ok", :msg_id 1, :in_reply_to 1}
2024-05-17 20:12:49,080{GMT}	INFO	[jepsen worker 1] jepsen.util: 1	:invoke	:echo	"Please echo 90"
2024-05-17 20:12:49,083{GMT}	INFO	[jepsen worker 1] jepsen.util: 1	:ok	:echo	{:echo "Please echo 90", :type "echo_ok", :msg_id 2, :in_reply_to 2}
2024-05-17 20:12:49,387{GMT}	INFO	[jepsen worker 1] jepsen.util: 1	:invoke	:echo	"Please echo 126"
2024-05-17 20:12:49,389{GMT}	INFO	[jepsen worker 1] jepsen.util: 1	:ok	:echo	{:echo "Please echo 126", :type "echo_ok", :msg_id 3, :in_reply_to 3}
2024-05-17 20:12:49,489{GMT}	INFO	[jepsen worker 2] jepsen.util: 2	:invoke	:echo	"Please echo 115"
2024-05-17 20:12:49,496{GMT}	INFO	[jepsen worker 2] jepsen.util: 2	:ok	:echo	{:echo "Please echo 115", :type "echo_ok", :msg_id 1, :in_reply_to 1}
2024-05-17 20:12:49,739{GMT}	INFO	[jepsen worker 4] jepsen.util: 4	:invoke	:echo	"Please echo 98"
2024-05-17 20:12:49,741{GMT}	INFO	[jepsen worker 4] jepsen.util: 4	:ok	:echo	{:echo "Please echo 98", :type "echo_ok", :msg_id 2, :in_reply_to 2}
2024-05-17 20:12:50,116{GMT}	INFO	[jepsen worker 0] jepsen.util: 0	:invoke	:echo	"Please echo 15"
2024-05-17 20:12:50,118{GMT}	INFO	[jepsen worker 0] jepsen.util: 0	:ok	:echo	{:echo "Please echo 15", :type "echo_ok", :msg_id 2, :in_reply_to 2}
2024-05-17 20:12:50,268{GMT}	INFO	[jepsen worker 4] jepsen.util: 4	:invoke	:echo	"Please echo 65"
2024-05-17 20:12:50,270{GMT}	INFO	[jepsen worker 4] jepsen.util: 4	:ok	:echo	{:echo "Please echo 65", :type "echo_ok", :msg_id 3, :in_reply_to 3}
2024-05-17 20:12:50,294{GMT}	INFO	[jepsen worker 1] jepsen.util: 1	:invoke	:echo	"Please echo 55"
2024-05-17 20:12:50,296{GMT}	INFO	[jepsen worker 1] jepsen.util: 1	:ok	:echo	{:echo "Please echo 55", :type "echo_ok", :msg_id 4, :in_reply_to 4}
2024-05-17 20:12:50,525{GMT}	INFO	[jepsen worker 1] jepsen.util: 1	:invoke	:echo	"Please echo 6"
2024-05-17 20:12:50,527{GMT}	INFO	[jepsen worker 1] jepsen.util: 1	:ok	:echo	{:echo "Please echo 6", :type "echo_ok", :msg_id 5, :in_reply_to 5}
2024-05-17 20:12:50,678{GMT}	INFO	[jepsen worker 1] jepsen.util: 1	:invoke	:echo	"Please echo 58"
2024-05-17 20:12:50,680{GMT}	INFO	[jepsen worker 1] jepsen.util: 1	:ok	:echo	{:echo "Please echo 58", :type "echo_ok", :msg_id 6, :in_reply_to 6}
2024-05-17 20:12:50,867{GMT}	INFO	[jepsen worker 3] jepsen.util: 3	:invoke	:echo	"Please echo 93"
2024-05-17 20:12:50,869{GMT}	INFO	[jepsen worker 3] jepsen.util: 3	:ok	:echo	{:echo "Please echo 93", :type "echo_ok", :msg_id 2, :in_reply_to 2}
2024-05-17 20:12:51,164{GMT}	INFO	[jepsen worker 3] jepsen.util: 3	:invoke	:echo	"Please echo 30"
2024-05-17 20:12:51,167{GMT}	INFO	[jepsen worker 3] jepsen.util: 3	:ok	:echo	{:echo "Please echo 30", :type "echo_ok", :msg_id 3, :in_reply_to 3}
2024-05-17 20:12:51,422{GMT}	INFO	[jepsen worker 0] jepsen.util: 0	:invoke	:echo	"Please echo 102"
2024-05-17 20:12:51,424{GMT}	INFO	[jepsen worker 0] jepsen.util: 0	:ok	:echo	{:echo "Please echo 102", :type "echo_ok", :msg_id 3, :in_reply_to 3}
2024-05-17 20:12:51,553{GMT}	INFO	[jepsen worker 4] jepsen.util: 4	:invoke	:echo	"Please echo 83"
2024-05-17 20:12:51,555{GMT}	INFO	[jepsen worker 4] jepsen.util: 4	:ok	:echo	{:echo "Please echo 83", :type "echo_ok", :msg_id 4, :in_reply_to 4}
2024-05-17 20:12:51,952{GMT}	INFO	[jepsen worker 0] jepsen.util: 0	:invoke	:echo	"Please echo 70"
2024-05-17 20:12:51,954{GMT}	INFO	[jepsen worker 0] jepsen.util: 0	:ok	:echo	{:echo "Please echo 70", :type "echo_ok", :msg_id 4, :in_reply_to 4}
2024-05-17 20:12:52,012{GMT}	INFO	[jepsen worker 4] jepsen.util: 4	:invoke	:echo	"Please echo 100"
2024-05-17 20:12:52,014{GMT}	INFO	[jepsen worker 4] jepsen.util: 4	:ok	:echo	{:echo "Please echo 100", :type "echo_ok", :msg_id 5, :in_reply_to 5}
2024-05-17 20:12:52,210{GMT}	INFO	[jepsen worker 0] jepsen.util: 0	:invoke	:echo	"Please echo 8"
2024-05-17 20:12:52,213{GMT}	INFO	[jepsen worker 0] jepsen.util: 0	:ok	:echo	{:echo "Please echo 8", :type "echo_ok", :msg_id 5, :in_reply_to 5}
2024-05-17 20:12:52,252{GMT}	INFO	[jepsen worker 3] jepsen.util: 3	:invoke	:echo	"Please echo 111"
2024-05-17 20:12:52,254{GMT}	INFO	[jepsen worker 3] jepsen.util: 3	:ok	:echo	{:echo "Please echo 111", :type "echo_ok", :msg_id 4, :in_reply_to 4}
2024-05-17 20:12:52,563{GMT}	INFO	[jepsen worker 0] jepsen.util: 0	:invoke	:echo	"Please echo 31"
2024-05-17 20:12:52,565{GMT}	INFO	[jepsen worker 0] jepsen.util: 0	:ok	:echo	{:echo "Please echo 31", :type "echo_ok", :msg_id 6, :in_reply_to 6}
2024-05-17 20:12:52,928{GMT}	INFO	[jepsen worker 4] jepsen.util: 4	:invoke	:echo	"Please echo 41"
2024-05-17 20:12:52,930{GMT}	INFO	[jepsen worker 4] jepsen.util: 4	:ok	:echo	{:echo "Please echo 41", :type "echo_ok", :msg_id 6, :in_reply_to 6}
2024-05-17 20:12:53,126{GMT}	INFO	[jepsen worker 3] jepsen.util: 3	:invoke	:echo	"Please echo 87"
2024-05-17 20:12:53,128{GMT}	INFO	[jepsen worker 3] jepsen.util: 3	:ok	:echo	{:echo "Please echo 87", :type "echo_ok", :msg_id 5, :in_reply_to 5}
2024-05-17 20:12:53,202{GMT}	INFO	[jepsen test runner] jepsen.core: Run complete, writing
2024-05-17 20:12:53,353{GMT}	INFO	[jepsen node n1] maelstrom.db: Tearing down n1
2024-05-17 20:12:53,353{GMT}	INFO	[jepsen node n3] maelstrom.db: Tearing down n3
2024-05-17 20:12:53,353{GMT}	INFO	[jepsen node n4] maelstrom.db: Tearing down n4
2024-05-17 20:12:53,353{GMT}	INFO	[jepsen node n2] maelstrom.db: Tearing down n2
2024-05-17 20:12:53,353{GMT}	INFO	[jepsen node n5] maelstrom.db: Tearing down n5
2024-05-17 20:12:54,132{GMT}	INFO	[jepsen node n1] maelstrom.net: Shutting down Maelstrom network
2024-05-17 20:12:54,134{GMT}	INFO	[jepsen test runner] jepsen.core: Analyzing...
2024-05-17 20:12:54,174{GMT}	WARN	[clojure-agent-send-off-pool-0] jepsen.checker: Error while checking history:
java.lang.IllegalStateException: Error rendering plot, verify gnuplot is installed and reachable
	at jepsen.checker.perf$plot_BANG_.invokeStatic(perf.clj:489)
	at jepsen.checker.perf$plot_BANG_.invoke(perf.clj:426)
	at jepsen.checker.perf$point_graph_BANG_.invokeStatic(perf.clj:520)
	at jepsen.checker.perf$point_graph_BANG_.invoke(perf.clj:493)
	at jepsen.checker$latency_graph$reify__12098.check(checker.clj:830)
	at jepsen.checker$check_safe.invokeStatic(checker.clj:86)
	at jepsen.checker$check_safe.invoke(checker.clj:79)
	at jepsen.checker$compose$reify__11881$fn__11883.invoke(checker.clj:102)
	at clojure.core$pmap$fn__8552$fn__8553.invoke(core.clj:7089)
	at clojure.core$binding_conveyor_fn$fn__5823.invoke(core.clj:2047)
	at clojure.lang.AFn.call(AFn.java:18)
	at java.base/java.util.concurrent.FutureTask.run(FutureTask.java:317)
	at java.base/java.util.concurrent.ThreadPoolExecutor.runWorker(ThreadPoolExecutor.java:1144)
	at java.base/java.util.concurrent.ThreadPoolExecutor$Worker.run(ThreadPoolExecutor.java:642)
	at java.base/java.lang.Thread.run(Thread.java:1570)
Caused by: java.io.IOException: Cannot run program "gnuplot": error=2, No such file or directory
	at java.base/java.lang.ProcessBuilder.start(ProcessBuilder.java:1170)
	at java.base/java.lang.ProcessBuilder.start(ProcessBuilder.java:1089)
	at java.base/java.lang.Runtime.exec(Runtime.java:681)
	at clojure.java.shell$sh.invokeStatic(shell.clj:113)
	at clojure.java.shell$sh.doInvoke(shell.clj:79)
	at clojure.lang.RestFn.invoke(RestFn.java:512)
	at gnuplot.core$run_BANG_.invokeStatic(core.clj:76)
	at gnuplot.core$run_BANG_.invoke(core.clj:66)
	at gnuplot.core$raw_plot_BANG_.invokeStatic(core.clj:106)
	at gnuplot.core$raw_plot_BANG_.invoke(core.clj:91)
	... 15 common frames omitted
Caused by: java.io.IOException: error=2, No such file or directory
	at java.base/java.lang.ProcessImpl.forkAndExec(Native Method)
	at java.base/java.lang.ProcessImpl.<init>(ProcessImpl.java:295)
	at java.base/java.lang.ProcessImpl.start(ProcessImpl.java:225)
	at java.base/java.lang.ProcessBuilder.start(ProcessBuilder.java:1126)
	... 24 common frames omitted
2024-05-17 20:12:54,178{GMT}	INFO	[jepsen test runner] jepsen.core: Analysis complete
2024-05-17 20:12:54,201{GMT}	INFO	[jepsen results] jepsen.store: Wrote /Users/olegraskin/oleg-projects/fly-io/store/echo/20240517T201245.636+0200/results.edn
2024-05-17 20:12:54,289{GMT}	INFO	[jepsen test runner] jepsen.core: {:perf {:latency-graph {:valid? :unknown,
                        :error "java.lang.IllegalStateException: Error rendering plot, verify gnuplot is installed and reachable\n at jepsen.checker.perf$plot_BANG_.invokeStatic (perf.clj:489)\n    jepsen.checker.perf$plot_BANG_.invoke (perf.clj:426)\n    jepsen.checker.perf$point_graph_BANG_.invokeStatic (perf.clj:520)\n    jepsen.checker.perf$point_graph_BANG_.invoke (perf.clj:493)\n    jepsen.checker$latency_graph$reify__12098.check (checker.clj:830)\n    jepsen.checker$check_safe.invokeStatic (checker.clj:86)\n    jepsen.checker$check_safe.invoke (checker.clj:79)\n    jepsen.checker$compose$reify__11881$fn__11883.invoke (checker.clj:102)\n    clojure.core$pmap$fn__8552$fn__8553.invoke (core.clj:7089)\n    clojure.core$binding_conveyor_fn$fn__5823.invoke (core.clj:2047)\n    clojure.lang.AFn.call (AFn.java:18)\n    java.util.concurrent.FutureTask.run (FutureTask.java:317)\n    java.util.concurrent.ThreadPoolExecutor.runWorker (ThreadPoolExecutor.java:1144)\n    java.util.concurrent.ThreadPoolExecutor$Worker.run (ThreadPoolExecutor.java:642)\n    java.lang.Thread.run (Thread.java:1570)\nCaused by: java.io.IOException: Cannot run program \"gnuplot\": error=2, No such file or directory\n at java.lang.ProcessBuilder.start (ProcessBuilder.java:1170)\n    java.lang.ProcessBuilder.start (ProcessBuilder.java:1089)\n    java.lang.Runtime.exec (Runtime.java:681)\n    clojure.java.shell$sh.invokeStatic (shell.clj:113)\n    clojure.java.shell$sh.doInvoke (shell.clj:79)\n    clojure.lang.RestFn.invoke (RestFn.java:512)\n    gnuplot.core$run_BANG_.invokeStatic (core.clj:76)\n    gnuplot.core$run_BANG_.invoke (core.clj:66)\n    gnuplot.core$raw_plot_BANG_.invokeStatic (core.clj:106)\n    gnuplot.core$raw_plot_BANG_.invoke (core.clj:91)\n    jepsen.checker.perf$plot_BANG_.invokeStatic (perf.clj:489)\n    jepsen.checker.perf$plot_BANG_.invoke (perf.clj:426)\n    jepsen.checker.perf$point_graph_BANG_.invokeStatic (perf.clj:520)\n    jepsen.checker.perf$point_graph_BANG_.invoke (perf.clj:493)\n    jepsen.checker$latency_graph$reify__12098.check (checker.clj:830)\n    jepsen.checker$check_safe.invokeStatic (checker.clj:86)\n    jepsen.checker$check_safe.invoke (checker.clj:79)\n    jepsen.checker$compose$reify__11881$fn__11883.invoke (checker.clj:102)\n    clojure.core$pmap$fn__8552$fn__8553.invoke (core.clj:7089)\n    clojure.core$binding_conveyor_fn$fn__5823.invoke (core.clj:2047)\n    clojure.lang.AFn.call (AFn.java:18)\n    java.util.concurrent.FutureTask.run (FutureTask.java:317)\n    java.util.concurrent.ThreadPoolExecutor.runWorker (ThreadPoolExecutor.java:1144)\n    java.util.concurrent.ThreadPoolExecutor$Worker.run (ThreadPoolExecutor.java:642)\n    java.lang.Thread.run (Thread.java:1570)\nCaused by: java.io.IOException: error=2, No such file or directory\n at java.lang.ProcessImpl.forkAndExec (ProcessImpl.java:-2)\n    java.lang.ProcessImpl.<init> (ProcessImpl.java:295)\n    java.lang.ProcessImpl.start (ProcessImpl.java:225)\n    java.lang.ProcessBuilder.start (ProcessBuilder.java:1126)\n    java.lang.ProcessBuilder.start (ProcessBuilder.java:1089)\n    java.lang.Runtime.exec (Runtime.java:681)\n    clojure.java.shell$sh.invokeStatic (shell.clj:113)\n    clojure.java.shell$sh.doInvoke (shell.clj:79)\n    clojure.lang.RestFn.invoke (RestFn.java:512)\n    gnuplot.core$run_BANG_.invokeStatic (core.clj:76)\n    gnuplot.core$run_BANG_.invoke (core.clj:66)\n    gnuplot.core$raw_plot_BANG_.invokeStatic (core.clj:106)\n    gnuplot.core$raw_plot_BANG_.invoke (core.clj:91)\n    jepsen.checker.perf$plot_BANG_.invokeStatic (perf.clj:489)\n    jepsen.checker.perf$plot_BANG_.invoke (perf.clj:426)\n    jepsen.checker.perf$point_graph_BANG_.invokeStatic (perf.clj:520)\n    jepsen.checker.perf$point_graph_BANG_.invoke (perf.clj:493)\n    jepsen.checker$latency_graph$reify__12098.check (checker.clj:830)\n    jepsen.checker$check_safe.invokeStatic (checker.clj:86)\n    jepsen.checker$check_safe.invoke (checker.clj:79)\n    jepsen.checker$compose$reify__11881$fn__11883.invoke (checker.clj:102)\n    clojure.core$pmap$fn__8552$fn__8553.invoke (core.clj:7089)\n    clojure.core$binding_conveyor_fn$fn__5823.invoke (core.clj:2047)\n    clojure.lang.AFn.call (AFn.java:18)\n    java.util.concurrent.FutureTask.run (FutureTask.java:317)\n    java.util.concurrent.ThreadPoolExecutor.runWorker (ThreadPoolExecutor.java:1144)\n    java.util.concurrent.ThreadPoolExecutor$Worker.run (ThreadPoolExecutor.java:642)\n    java.lang.Thread.run (Thread.java:1570)\n"},
        :rate-graph {:valid? true},
        :valid? :unknown},
 :timeline {:valid? true},
 :exceptions {:valid? true},
 :stats {:valid? true,
         :count 24,
         :ok-count 24,
         :fail-count 0,
         :info-count 0,
         :by-f {:echo {:valid? true,
                       :count 24,
                       :ok-count 24,
                       :fail-count 0,
                       :info-count 0}}},
 :availability {:valid? true, :ok-fraction 1.0},
 :net {:all {:send-count 58,
             :recv-count 58,
             :msg-count 58,
             :msgs-per-op 2.4166667},
       :clients {:send-count 58, :recv-count 58, :msg-count 58},
       :servers {:send-count 0,
                 :recv-count 0,
                 :msg-count 0,
                 :msgs-per-op 0.0},
       :valid? true},
 :workload {:valid? true, :errors ()},
 :valid? :unknown}


Errors occurred during analysis, but no anomalies found. ಠ~ಠ
